2021-04-19 06:44:04.829 [1] Сообщение отправлено на телефон 88005553535, оно будет активно в течение 0.5 секунд
2021-04-19 06:44:04.832 [2] Прочитан код  из СМС - уведомления
2021-04-19 06:44:04.832 [3] Ошибка чтения секретного кода
2021-04-19 06:44:04.840 [4] Сообщение отправлено на телефон 88005553535, оно будет активно в течение 0.5 секунд
2021-04-19 06:44:04.840 [5] Прочитан код 9999 из СМС - уведомления
2021-04-19 06:44:05.293 [6] Начинается обработка транзакции
2021-04-19 06:44:05.294 [7] Обработка данных карты отправителя...
2021-04-19 06:44:05.295 [8] Данные карты отправителя верны!
2021-04-19 06:44:05.295 [9] Проверка номера карты получателя...
2021-04-19 06:44:05.296 [10] Генерирование id транзакции...
2021-04-19 06:44:05.296 [11] Генерирование кода подтверждения...
2021-04-19 06:44:05.301 [12] Код подтвеждения успешно принят...
2021-04-19 06:44:05.301 [13] Перевод денежных средств...
2021-04-19 06:44:05.302 [14] Транзакция подтвеждена, перевод выполнен!
2021-04-19 06:44:05.303 [15] Списано: 100 RUR. Ваш текущий баланс: 900.00 RUR. Баланс карты получателя: 600 RUR
2021-04-19 06:44:05.307 [16] Начинается обработка транзакции
2021-04-19 06:44:05.307 [17] Обработка данных карты отправителя...
2021-04-19 06:44:05.307 [18] Введен неверный номер, карта не найдена
2021-04-19 06:44:05.311 [19] Начинается обработка транзакции
2021-04-19 06:44:05.311 [20] Обработка данных карты отправителя...
2021-04-19 06:44:05.311 [21] Данные карты отправителя верны!
2021-04-19 06:44:05.311 [22] Проверка номера карты получателя...
2021-04-19 06:44:05.312 [23] Введен неверный номер карты получателя...
2021-04-19 06:44:05.316 [24] Код подтверждения неверный
2021-04-19 06:44:05.320 [25] Начинается обработка транзакции
2021-04-19 06:44:05.320 [26] Обработка данных карты отправителя...
2021-04-19 06:44:05.321 [27] Введены неверные данные карты
2021-04-19 06:44:05.324 [28] Начинается обработка транзакции
2021-04-19 06:44:05.324 [29] Обработка данных карты отправителя...
2021-04-19 06:44:05.325 [30] Недостаточно средств для списания
2021-04-19 06:44:05.357 [31] Начинается обработка транзакции
2021-04-19 06:44:05.357 [32] Обработка данных карты отправителя...
2021-04-19 06:44:05.357 [33] Данные карты отправителя верны!
2021-04-19 06:44:05.358 [34] Проверка номера карты получателя...
2021-04-19 06:44:05.358 [35] Генерирование id транзакции...
2021-04-19 06:44:05.358 [36] Генерирование кода подтверждения...
2021-04-19 06:44:05.359 [37] Ошибка создания транзакции
2021-04-19 06:44:43.263 [1] Сообщение отправлено на телефон 88005553535, оно будет активно в течение 0.5 секунд
2021-04-19 06:44:43.266 [2] Прочитан код  из СМС - уведомления
2021-04-19 06:44:43.267 [3] Ошибка чтения секретного кода
2021-04-19 06:44:43.273 [4] Сообщение отправлено на телефон 88005553535, оно будет активно в течение 0.5 секунд
2021-04-19 06:44:43.274 [5] Прочитан код 9999 из СМС - уведомления
2021-04-19 06:44:43.737 [6] Начинается обработка транзакции
2021-04-19 06:44:43.738 [7] Обработка данных карты отправителя...
2021-04-19 06:44:43.739 [8] Данные карты отправителя верны!
2021-04-19 06:44:43.739 [9] Проверка номера карты получателя...
2021-04-19 06:44:43.739 [10] Генерирование id транзакции...
2021-04-19 06:44:43.740 [11] Генерирование кода подтверждения...
2021-04-19 06:44:43.745 [12] Код подтвеждения успешно принят...
2021-04-19 06:44:43.746 [13] Перевод денежных средств...
2021-04-19 06:44:43.746 [14] Транзакция подтвеждена, перевод выполнен!
2021-04-19 06:44:43.747 [15] Списано: 100 RUR. Ваш текущий баланс: 900.00 RUR. Баланс карты получателя: 600 RUR
2021-04-19 06:44:43.752 [16] Начинается обработка транзакции
2021-04-19 06:44:43.752 [17] Обработка данных карты отправителя...
2021-04-19 06:44:43.752 [18] Введен неверный номер, карта не найдена
2021-04-19 06:44:43.756 [19] Начинается обработка транзакции
2021-04-19 06:44:43.756 [20] Обработка данных карты отправителя...
2021-04-19 06:44:43.757 [21] Данные карты отправителя верны!
2021-04-19 06:44:43.757 [22] Проверка номера карты получателя...
2021-04-19 06:44:43.757 [23] Введен неверный номер карты получателя...
2021-04-19 06:44:43.762 [24] Код подтверждения неверный
2021-04-19 06:44:43.765 [25] Начинается обработка транзакции
2021-04-19 06:44:43.765 [26] Обработка данных карты отправителя...
2021-04-19 06:44:43.766 [27] Введены неверные данные карты
2021-04-19 06:44:43.769 [28] Начинается обработка транзакции
2021-04-19 06:44:43.770 [29] Обработка данных карты отправителя...
2021-04-19 06:44:43.770 [30] Недостаточно средств для списания
2021-04-19 06:44:43.801 [31] Начинается обработка транзакции
2021-04-19 06:44:43.802 [32] Обработка данных карты отправителя...
2021-04-19 06:44:43.802 [33] Данные карты отправителя верны!
2021-04-19 06:44:43.802 [34] Проверка номера карты получателя...
2021-04-19 06:44:43.803 [35] Генерирование id транзакции...
2021-04-19 06:44:43.803 [36] Генерирование кода подтверждения...
2021-04-19 06:44:43.803 [37] Ошибка создания транзакции
2021-04-19 06:46:12.776 [1] Сообщение отправлено на телефон 88005553535, оно будет активно в течение 0.5 секунд
2021-04-19 06:46:12.779 [2] Прочитан код  из СМС - уведомления
2021-04-19 06:46:12.780 [3] Ошибка чтения секретного кода
2021-04-19 06:46:12.786 [4] Сообщение отправлено на телефон 88005553535, оно будет активно в течение 0.5 секунд
2021-04-19 06:46:12.787 [5] Прочитан код 9999 из СМС - уведомления
2021-04-19 06:46:13.244 [6] Начинается обработка транзакции
2021-04-19 06:46:13.244 [7] Обработка данных карты отправителя...
2021-04-19 06:46:13.245 [8] Данные карты отправителя верны!
2021-04-19 06:46:13.246 [9] Проверка номера карты получателя...
2021-04-19 06:46:13.246 [10] Генерирование id транзакции...
2021-04-19 06:46:13.247 [11] Генерирование кода подтверждения...
2021-04-19 06:46:13.253 [12] Код подтвеждения успешно принят...
2021-04-19 06:46:13.253 [13] Перевод денежных средств...
2021-04-19 06:46:13.254 [14] Транзакция подтвеждена, перевод выполнен!
2021-04-19 06:46:13.255 [15] Списано: 100 RUR. Ваш текущий баланс: 900.00 RUR. Баланс карты получателя: 600 RUR
2021-04-19 06:46:13.258 [16] Начинается обработка транзакции
2021-04-19 06:46:13.259 [17] Обработка данных карты отправителя...
2021-04-19 06:46:13.259 [18] Введен неверный номер, карта не найдена
2021-04-19 06:46:13.262 [19] Начинается обработка транзакции
2021-04-19 06:46:13.263 [20] Обработка данных карты отправителя...
2021-04-19 06:46:13.263 [21] Данные карты отправителя верны!
2021-04-19 06:46:13.263 [22] Проверка номера карты получателя...
2021-04-19 06:46:13.263 [23] Введен неверный номер карты получателя...
2021-04-19 06:46:13.267 [24] Код подтверждения неверный
2021-04-19 06:46:13.271 [25] Начинается обработка транзакции
2021-04-19 06:46:13.271 [26] Обработка данных карты отправителя...
2021-04-19 06:46:13.271 [27] Введены неверные данные карты
2021-04-19 06:46:13.275 [28] Начинается обработка транзакции
2021-04-19 06:46:13.275 [29] Обработка данных карты отправителя...
2021-04-19 06:46:13.276 [30] Недостаточно средств для списания
2021-04-19 06:46:13.305 [31] Начинается обработка транзакции
2021-04-19 06:46:13.305 [32] Обработка данных карты отправителя...
2021-04-19 06:46:13.305 [33] Данные карты отправителя верны!
2021-04-19 06:46:13.306 [34] Проверка номера карты получателя...
2021-04-19 06:46:13.306 [35] Генерирование id транзакции...
2021-04-19 06:46:13.306 [36] Генерирование кода подтверждения...
2021-04-19 06:46:13.307 [37] Ошибка создания транзакции
2021-04-19 06:46:44.131 [1] Сообщение отправлено на телефон 88005553535, оно будет активно в течение 0.5 секунд
2021-04-19 06:46:44.135 [2] Прочитан код  из СМС - уведомления
2021-04-19 06:46:44.135 [3] Ошибка чтения секретного кода
2021-04-19 06:46:44.142 [4] Сообщение отправлено на телефон 88005553535, оно будет активно в течение 0.5 секунд
2021-04-19 06:46:44.143 [5] Прочитан код 9999 из СМС - уведомления
2021-04-19 06:46:44.612 [6] Начинается обработка транзакции
2021-04-19 06:46:44.612 [7] Обработка данных карты отправителя...
2021-04-19 06:46:44.613 [8] Данные карты отправителя верны!
2021-04-19 06:46:44.614 [9] Проверка номера карты получателя...
2021-04-19 06:46:44.614 [10] Генерирование id транзакции...
2021-04-19 06:46:44.614 [11] Генерирование кода подтверждения...
2021-04-19 06:46:44.620 [12] Код подтвеждения успешно принят...
2021-04-19 06:46:44.620 [13] Перевод денежных средств...
2021-04-19 06:46:44.620 [14] Транзакция подтвеждена, перевод выполнен!
2021-04-19 06:46:44.621 [15] Списано: 100 RUR. Ваш текущий баланс: 900.00 RUR. Баланс карты получателя: 600 RUR
2021-04-19 06:46:44.625 [16] Начинается обработка транзакции
2021-04-19 06:46:44.625 [17] Обработка данных карты отправителя...
2021-04-19 06:46:44.626 [18] Введен неверный номер, карта не найдена
2021-04-19 06:46:44.629 [19] Начинается обработка транзакции
2021-04-19 06:46:44.629 [20] Обработка данных карты отправителя...
2021-04-19 06:46:44.630 [21] Данные карты отправителя верны!
2021-04-19 06:46:44.630 [22] Проверка номера карты получателя...
2021-04-19 06:46:44.630 [23] Введен неверный номер карты получателя...
2021-04-19 06:46:44.634 [24] Код подтверждения неверный
2021-04-19 06:46:44.638 [25] Начинается обработка транзакции
2021-04-19 06:46:44.638 [26] Обработка данных карты отправителя...
2021-04-19 06:46:44.638 [27] Введены неверные данные карты
2021-04-19 06:46:44.642 [28] Начинается обработка транзакции
2021-04-19 06:46:44.642 [29] Обработка данных карты отправителя...
2021-04-19 06:46:44.642 [30] Недостаточно средств для списания
2021-04-19 06:46:44.674 [31] Начинается обработка транзакции
2021-04-19 06:46:44.675 [32] Обработка данных карты отправителя...
2021-04-19 06:46:44.675 [33] Данные карты отправителя верны!
2021-04-19 06:46:44.675 [34] Проверка номера карты получателя...
2021-04-19 06:46:44.676 [35] Генерирование id транзакции...
2021-04-19 06:46:44.676 [36] Генерирование кода подтверждения...
2021-04-19 06:46:44.676 [37] Ошибка создания транзакции
2021-04-20 10:59:57.567 [1] Начинается обработка транзакции
2021-04-20 10:59:57.570 [2] Обработка данных карты отправителя...
2021-04-20 10:59:57.571 [3] Данные карты отправителя верны!
2021-04-20 10:59:57.571 [4] Проверка номера карты получателя...
2021-04-20 10:59:57.572 [5] Генерирование id транзакции...
2021-04-20 10:59:57.572 [6] Генерирование кода подтверждения...
2021-04-20 10:59:57.588 [7] Код подтвеждения успешно принят...
2021-04-20 10:59:57.589 [8] Перевод денежных средств...
2021-04-20 10:59:57.589 [9] Транзакция подтвеждена, перевод выполнен!
2021-04-20 10:59:57.592 [10] Списано: 100 RUR. Ваш текущий баланс: 900.00 RUR. Баланс карты получателя: 600 RUR
2021-04-20 10:59:57.600 [11] Начинается обработка транзакции
2021-04-20 10:59:57.600 [12] Обработка данных карты отправителя...
2021-04-20 10:59:57.601 [13] Введен неверный номер, карта не найдена
2021-04-20 10:59:57.607 [14] Начинается обработка транзакции
2021-04-20 10:59:57.607 [15] Обработка данных карты отправителя...
2021-04-20 10:59:57.607 [16] Данные карты отправителя верны!
2021-04-20 10:59:57.608 [17] Проверка номера карты получателя...
2021-04-20 10:59:57.608 [18] Введен неверный номер карты получателя...
2021-04-20 10:59:57.617 [19] Код подтверждения неверный
2021-04-20 10:59:57.632 [20] Начинается обработка транзакции
2021-04-20 10:59:57.632 [21] Обработка данных карты отправителя...
2021-04-20 10:59:57.633 [22] Введены неверные данные карты
2021-04-20 10:59:57.639 [23] Начинается обработка транзакции
2021-04-20 10:59:57.640 [24] Обработка данных карты отправителя...
2021-04-20 10:59:57.640 [25] Недостаточно средств для списания
2021-04-20 10:59:57.685 [26] Начинается обработка транзакции
2021-04-20 10:59:57.685 [27] Обработка данных карты отправителя...
2021-04-20 10:59:57.685 [28] Данные карты отправителя верны!
2021-04-20 10:59:57.686 [29] Проверка номера карты получателя...
2021-04-20 10:59:57.686 [30] Генерирование id транзакции...
2021-04-20 10:59:57.686 [31] Генерирование кода подтверждения...
2021-04-20 10:59:57.686 [32] Ошибка создания транзакции
2021-04-20 10:59:58.48 [33] Сообщение отправлено на телефон 88005553535, оно будет активно в течение 0.5 секунд
2021-04-20 10:59:58.49 [34] Прочитан код  из СМС - уведомления
2021-04-20 10:59:58.50 [35] Ошибка чтения секретного кода
2021-04-20 10:59:58.57 [36] Сообщение отправлено на телефон 88005553535, оно будет активно в течение 0.5 секунд
2021-04-20 10:59:58.58 [37] Прочитан код 9999 из СМС - уведомления
2021-04-20 12:59:41.110 [1] Начинается обработка транзакции
2021-04-20 12:59:41.114 [2] Обработка данных карты отправителя...
2021-04-20 12:59:41.115 [3] Данные карты отправителя верны!
2021-04-20 12:59:41.115 [4] Проверка номера карты получателя...
2021-04-20 12:59:41.116 [5] Генерирование id транзакции...
2021-04-20 12:59:41.116 [6] Генерирование кода подтверждения...
2021-04-20 12:59:41.128 [7] Код подтвеждения успешно принят...
2021-04-20 12:59:41.128 [8] Перевод денежных средств...
2021-04-20 12:59:41.129 [9] Транзакция подтвеждена, перевод выполнен!
2021-04-20 12:59:41.130 [10] Списано: 100 RUR. Ваш текущий баланс: 900.00 RUR. Баланс карты получателя: 600 RUR
2021-04-20 12:59:41.136 [11] Начинается обработка транзакции
2021-04-20 12:59:41.136 [12] Обработка данных карты отправителя...
2021-04-20 12:59:41.137 [13] Введен неверный номер, карта не найдена
2021-04-20 12:59:41.143 [14] Начинается обработка транзакции
2021-04-20 12:59:41.144 [15] Обработка данных карты отправителя...
2021-04-20 12:59:41.145 [16] Данные карты отправителя верны!
2021-04-20 12:59:41.145 [17] Проверка номера карты получателя...
2021-04-20 12:59:41.146 [18] Введен неверный номер карты получателя...
2021-04-20 12:59:41.155 [19] Код подтверждения неверный
2021-04-20 12:59:41.162 [20] Начинается обработка транзакции
2021-04-20 12:59:41.163 [21] Обработка данных карты отправителя...
2021-04-20 12:59:41.164 [22] Введены неверные данные карты
2021-04-20 12:59:41.172 [23] Начинается обработка транзакции
2021-04-20 12:59:41.172 [24] Обработка данных карты отправителя...
2021-04-20 12:59:41.173 [25] Недостаточно средств для списания
2021-04-20 12:59:41.222 [26] Начинается обработка транзакции
2021-04-20 12:59:41.222 [27] Обработка данных карты отправителя...
2021-04-20 12:59:41.222 [28] Данные карты отправителя верны!
2021-04-20 12:59:41.223 [29] Проверка номера карты получателя...
2021-04-20 12:59:41.223 [30] Генерирование id транзакции...
2021-04-20 12:59:41.223 [31] Генерирование кода подтверждения...
2021-04-20 12:59:41.224 [32] Ошибка создания транзакции
2021-04-20 12:59:49.815 [33] Сообщение отправлено на телефон 88005553535, оно будет активно в течение 0.5 секунд
2021-04-20 12:59:49.816 [34] Прочитан код  из СМС - уведомления
2021-04-20 12:59:49.817 [35] Ошибка чтения секретного кода
2021-04-20 12:59:49.821 [36] Сообщение отправлено на телефон 88005553535, оно будет активно в течение 0.5 секунд
2021-04-20 12:59:49.822 [37] Прочитан код 9999 из СМС - уведомления
